0 info it worked if it ends with ok
1 verbose cli [ '/Users/cln/.nvm/versions/node/v5.1.0/bin/node',
1 verbose cli   '/Users/cln/.nvm/versions/node/v5.1.0/bin/npm',
1 verbose cli   'run',
1 verbose cli   'watchify' ]
2 info using npm@3.3.12
3 info using node@v5.1.0
4 verbose run-script [ 'prewatchify', 'watchify', 'postwatchify' ]
5 info lifecycle example@0.0.0~prewatchify: example@0.0.0
6 silly lifecycle example@0.0.0~prewatchify: no script for prewatchify, continuing
7 info lifecycle example@0.0.0~watchify: example@0.0.0
8 verbose lifecycle example@0.0.0~watchify: unsafe-perm in lifecycle true
9 verbose lifecycle example@0.0.0~watchify: PATH: /Users/cln/.nvm/versions/node/v5.1.0/lib/node_modules/npm/bin/node-gyp-bin:/Users/cln/src/dirjs/node_modules/.bin:/Users/cln/.nvm/versions/node/v5.1.0/bin:~/torch/install/bin:/usr/local/bin:/usr/bin:/bin:/usr/sbin:/sbin:/opt/X11/bin
10 verbose lifecycle example@0.0.0~watchify: CWD: /Users/cln/src/dirjs
11 silly lifecycle example@0.0.0~watchify: Args: [ '-c',
11 silly lifecycle   'watchify src/main.js -t babelify -outfile dist/bundle.js' ]
12 silly lifecycle example@0.0.0~watchify: Returned: code: 1  signal: null
13 info lifecycle example@0.0.0~watchify: Failed to exec watchify script
14 verbose stack Error: example@0.0.0 watchify: `watchify src/main.js -t babelify -outfile dist/bundle.js`
14 verbose stack Exit status 1
14 verbose stack     at EventEmitter.<anonymous> (/Users/cln/.nvm/versions/node/v5.1.0/lib/node_modules/npm/lib/utils/lifecycle.js:232:16)
14 verbose stack     at emitTwo (events.js:87:13)
14 verbose stack     at EventEmitter.emit (events.js:172:7)
14 verbose stack     at ChildProcess.<anonymous> (/Users/cln/.nvm/versions/node/v5.1.0/lib/node_modules/npm/lib/utils/spawn.js:24:14)
14 verbose stack     at emitTwo (events.js:87:13)
14 verbose stack     at ChildProcess.emit (events.js:172:7)
14 verbose stack     at maybeClose (internal/child_process.js:818:16)
14 verbose stack     at Process.ChildProcess._handle.onexit (internal/child_process.js:211:5)
15 verbose pkgid example@0.0.0
16 verbose cwd /Users/cln/src/dirjs
17 error Darwin 15.4.0
18 error argv "/Users/cln/.nvm/versions/node/v5.1.0/bin/node" "/Users/cln/.nvm/versions/node/v5.1.0/bin/npm" "run" "watchify"
19 error node v5.1.0
20 error npm  v3.3.12
21 error code ELIFECYCLE
22 error example@0.0.0 watchify: `watchify src/main.js -t babelify -outfile dist/bundle.js`
22 error Exit status 1
23 error Failed at the example@0.0.0 watchify script 'watchify src/main.js -t babelify -outfile dist/bundle.js'.
23 error Make sure you have the latest version of node.js and npm installed.
23 error If you do, this is most likely a problem with the example package,
23 error not with npm itself.
23 error Tell the author that this fails on your system:
23 error     watchify src/main.js -t babelify -outfile dist/bundle.js
23 error You can get their info via:
23 error     npm owner ls example
23 error There is likely additional logging output above.
24 verbose exit [ 1, true ]
